[debug] [2023-12-13T18:00:04.688Z] ----------------------------------------------------------------------
[debug] [2023-12-13T18:00:04.689Z] Command:       /usr/local/bin/node /Users/amiradar/.npm-global/bin/firebase init
[debug] [2023-12-13T18:00:04.690Z] CLI Version:   10.2.0
[debug] [2023-12-13T18:00:04.690Z] Platform:      darwin
[debug] [2023-12-13T18:00:04.690Z] Node Version:  v16.20.2
[debug] [2023-12-13T18:00:04.691Z] Time:          Wed Dec 13 2023 20:00:04 GMT+0200 (Israel Standard Time)
[debug] [2023-12-13T18:00:04.691Z] ----------------------------------------------------------------------
[debug] 
[debug] [2023-12-13T18:00:04.695Z] > command requires scopes: ["email","openid","https://www.googleapis.com/auth/cloudplatformprojects.readonly","https://www.googleapis.com/auth/firebase","https://www.googleapis.com/auth/cloud-platform"]
[debug] [2023-12-13T18:00:04.695Z] > authorizing via signed-in user (amiradar12345@gmail.com)
[info] 
     ######## #### ########  ######## ########     ###     ######  ########
     ##        ##  ##     ## ##       ##     ##  ##   ##  ##       ##
     ######    ##  ########  ######   ########  #########  ######  ######
     ##        ##  ##    ##  ##       ##     ## ##     ##       ## ##
     ##       #### ##     ## ######## ########  ##     ##  ######  ########

You're about to initialize a Firebase project in this directory:

  /Users/amiradar/SHITS/cooking_app/Racipeis-App/my-app

[info] 
=== Project Setup
[info] 
[info] First, let's associate this project directory with a Firebase project.
[info] You can create multiple project aliases by running firebase use --add, 
[info] but for now we'll just set up a default project.
[info] 
[debug] [2023-12-13T18:00:35.888Z] > refreshing access token with scopes: []
[debug] [2023-12-13T18:00:35.889Z] >>> HTTP REQUEST POST https://www.googleapis.com/oauth2/v3/token  
 <request body omitted>
[debug] [2023-12-13T18:00:36.239Z] <<< HTTP RESPONSE 200 {"cache-control":"no-cache, no-store, max-age=0, must-revalidate","pragma":"no-cache","expires":"Mon, 01 Jan 1990 00:00:00 GMT","date":"Wed, 13 Dec 2023 18:00:36 GMT","content-type":"application/json; charset=utf-8","vary":"X-Origin, Referer, Origin,Accept-Encoding","server":"scaffolding on HTTPServer2","x-xss-protection":"0","x-frame-options":"SAMEORIGIN","x-content-type-options":"nosniff","alt-svc":"h3=\":443\"; ma=2592000,h3-29=\":443\"; ma=2592000","accept-ranges":"none","transfer-encoding":"chunked"}
[debug] [2023-12-13T18:00:36.288Z] >>> [apiv2][query] GET https://firebase.googleapis.com/v1beta1/projects pageSize=100
[debug] [2023-12-13T18:00:37.168Z] <<< [apiv2][status] GET https://firebase.googleapis.com/v1beta1/projects 200
[debug] [2023-12-13T18:00:37.169Z] <<< [apiv2][body] GET https://firebase.googleapis.com/v1beta1/projects [omitted]
[info] i  Using project cooking-recipes-9bea3 (Cooking Recipes) 
[info] 
=== Hosting Setup
[info] 
[info] Your public directory is the folder (relative to your project directory) that
[info] will contain Hosting assets to be uploaded with firebase deploy. If you
[info] have a build process for your assets, use your build's output directory.
[info] 
